2026-06-01 02:55:29 [main] INFO 
                i.I.S.IdentityServiceApplication - Starting IdentityServiceApplication v0.0.1-SNAPSHOT using Java 21.0.11 with PID 1 (/app/app.jar started by root in /app)
2026-06-01 02:55:29 [main] INFO 
                i.I.S.IdentityServiceApplication - No active profile set, falling back to 1 default profile: "default"
2026-06-01 02:55:33 [main] INFO 
                o.a.coyote.http11.Http11NioProtocol - Initializing ProtocolHandler ["http-nio-8081"]
2026-06-01 02:55:33 [main] INFO 
                o.a.catalina.core.StandardService - Starting service [Tomcat]
2026-06-01 02:55:33 [main] INFO 
                o.a.catalina.core.StandardEngine - Starting Servlet engine: [Apache Tomcat/10.1.20]
2026-06-01 02:55:33 [main] INFO 
                o.a.c.c.C.[Tomcat].[localhost].[/] - Initializing Spring embedded WebApplicationContext
2026-06-01 02:55:34 [main] INFO 
                com.zaxxer.hikari.HikariDataSource - HikariPool-1 - Starting...
2026-06-01 02:55:34 [main] INFO 
                com.zaxxer.hikari.pool.HikariPool - HikariPool-1 - Added connection org.postgresql.jdbc.PgConnection@a2df0d5
2026-06-01 02:55:34 [main] INFO 
                com.zaxxer.hikari.HikariDataSource - HikariPool-1 - Start completed.
2026-06-01 02:55:36 [main] WARN 
                o.s.b.a.o.j.JpaBaseConfiguration$JpaWebConfiguration - spring.jpa.open-in-view is enabled by default. Therefore, database queries may be performed during view rendering. Explicitly configure spring.jpa.open-in-view to disable this warning
2026-06-01 02:55:37 [main] INFO 
                o.a.coyote.http11.Http11NioProtocol - Starting ProtocolHandler ["http-nio-8081"]
2026-06-01 02:55:37 [main] INFO 
                i.I.S.IdentityServiceApplication - Started IdentityServiceApplication in 9.518 seconds (process running for 11.391)
