2026-05-31 14:37:37 [main] INFO 
                c.f.gymservice.GymServiceApplication - Starting GymServiceApplication v0.0.1-SNAPSHOT using Java 21.0.11 with PID 1 (/app/app.jar started by root in /app)
2026-05-31 14:37:37 [main] INFO 
                c.f.gymservice.GymServiceApplication - No active profile set, falling back to 1 default profile: "default"
2026-05-31 14:37:41 [main] INFO 
                o.a.coyote.http11.Http11NioProtocol - Initializing ProtocolHandler ["http-nio-8082"]
2026-05-31 14:37:41 [main] INFO 
                o.a.catalina.core.StandardService - Starting service [Tomcat]
2026-05-31 14:37:41 [main] INFO 
                o.a.catalina.core.StandardEngine - Starting Servlet engine: [Apache Tomcat/10.1.20]
2026-05-31 14:37:41 [main] INFO 
                o.a.c.c.C.[Tomcat].[localhost].[/] - Initializing Spring embedded WebApplicationContext
2026-05-31 14:37:43 [main] INFO 
                com.zaxxer.hikari.HikariDataSource - HikariPool-1 - Starting...
2026-05-31 14:37:43 [main] INFO 
                com.zaxxer.hikari.pool.HikariPool - HikariPool-1 - Added connection org.postgresql.jdbc.PgConnection@284d4885
2026-05-31 14:37:43 [main] INFO 
                com.zaxxer.hikari.HikariDataSource - HikariPool-1 - Start completed.
2026-05-31 14:37:46 [main] WARN 
                o.s.b.a.o.j.JpaBaseConfiguration$JpaWebConfiguration - spring.jpa.open-in-view is enabled by default. Therefore, database queries may be performed during view rendering. Explicitly configure spring.jpa.open-in-view to disable this warning
2026-05-31 14:37:47 [main] INFO 
                o.a.coyote.http11.Http11NioProtocol - Starting ProtocolHandler ["http-nio-8082"]
2026-05-31 14:37:47 [main] INFO 
                c.f.gymservice.GymServiceApplication - Started GymServiceApplication in 10.918 seconds (process running for 12.572)
2026-05-31 16:17:44 [main] INFO 
                c.f.gymservice.GymServiceApplication - Starting GymServiceApplication v0.0.1-SNAPSHOT using Java 21.0.11 with PID 1 (/app/app.jar started by root in /app)
2026-05-31 16:17:44 [main] INFO 
                c.f.gymservice.GymServiceApplication - No active profile set, falling back to 1 default profile: "default"
2026-05-31 16:17:48 [main] INFO 
                o.a.coyote.http11.Http11NioProtocol - Initializing ProtocolHandler ["http-nio-8082"]
2026-05-31 16:17:48 [main] INFO 
                o.a.catalina.core.StandardService - Starting service [Tomcat]
2026-05-31 16:17:48 [main] INFO 
                o.a.catalina.core.StandardEngine - Starting Servlet engine: [Apache Tomcat/10.1.20]
2026-05-31 16:17:48 [main] INFO 
                o.a.c.c.C.[Tomcat].[localhost].[/] - Initializing Spring embedded WebApplicationContext
2026-05-31 16:17:49 [main] INFO 
                com.zaxxer.hikari.HikariDataSource - HikariPool-1 - Starting...
2026-05-31 16:17:50 [main] INFO 
                com.zaxxer.hikari.pool.HikariPool - HikariPool-1 - Added connection org.postgresql.jdbc.PgConnection@3b3546a3
2026-05-31 16:17:50 [main] INFO 
                com.zaxxer.hikari.HikariDataSource - HikariPool-1 - Start completed.
2026-05-31 16:17:53 [main] WARN 
                o.s.b.a.o.j.JpaBaseConfiguration$JpaWebConfiguration - spring.jpa.open-in-view is enabled by default. Therefore, database queries may be performed during view rendering. Explicitly configure spring.jpa.open-in-view to disable this warning
2026-05-31 16:17:53 [main] INFO 
                o.a.coyote.http11.Http11NioProtocol - Starting ProtocolHandler ["http-nio-8082"]
2026-05-31 16:17:54 [main] INFO 
                c.f.gymservice.GymServiceApplication - Started GymServiceApplication in 334.922 seconds (process running for 12.56)
