2026-06-09 04:53:05 [main] INFO 
                c.f.gymservice.GymServiceApplication - Starting GymServiceApplication v0.0.1-SNAPSHOT using Java 21.0.11 with PID 1 (/app/app.jar started by root in /app)
2026-06-09 04:53:05 [main] INFO 
                c.f.gymservice.GymServiceApplication - No active profile set, falling back to 1 default profile: "default"
2026-06-09 04:53:08 [main] INFO 
                o.a.coyote.http11.Http11NioProtocol - Initializing ProtocolHandler ["http-nio-8082"]
2026-06-09 04:53:08 [main] INFO 
                o.a.catalina.core.StandardService - Starting service [Tomcat]
2026-06-09 04:53:08 [main] INFO 
                o.a.catalina.core.StandardEngine - Starting Servlet engine: [Apache Tomcat/10.1.20]
2026-06-09 04:53:08 [main] INFO 
                o.a.c.c.C.[Tomcat].[localhost].[/] - Initializing Spring embedded WebApplicationContext
2026-06-09 04:53:09 [main] INFO 
                com.zaxxer.hikari.HikariDataSource - HikariPool-1 - Starting...
2026-06-09 04:53:10 [main] INFO 
                com.zaxxer.hikari.pool.HikariPool - HikariPool-1 - Added connection org.postgresql.jdbc.PgConnection@284d4885
2026-06-09 04:53:10 [main] INFO 
                com.zaxxer.hikari.HikariDataSource - HikariPool-1 - Start completed.
2026-06-09 04:53:13 [main] WARN 
                o.s.b.a.o.j.JpaBaseConfiguration$JpaWebConfiguration - spring.jpa.open-in-view is enabled by default. Therefore, database queries may be performed during view rendering. Explicitly configure spring.jpa.open-in-view to disable this warning
2026-06-09 04:53:14 [main] INFO 
                o.a.coyote.http11.Http11NioProtocol - Starting ProtocolHandler ["http-nio-8082"]
2026-06-09 04:53:14 [main] INFO 
                c.f.gymservice.GymServiceApplication - Started GymServiceApplication in 9.247 seconds (process running for 10.123)
2026-06-09 05:33:48 [SpringApplicationShutdownHook] INFO 
                com.zaxxer.hikari.HikariDataSource - HikariPool-1 - Shutdown initiated...
2026-06-09 05:33:48 [SpringApplicationShutdownHook] INFO 
                com.zaxxer.hikari.HikariDataSource - HikariPool-1 - Shutdown completed.
2026-06-09 05:34:31 [main] INFO 
                c.f.gymservice.GymServiceApplication - Starting GymServiceApplication v0.0.1-SNAPSHOT using Java 21.0.11 with PID 1 (/app/app.jar started by root in /app)
2026-06-09 05:34:31 [main] INFO 
                c.f.gymservice.GymServiceApplication - No active profile set, falling back to 1 default profile: "default"
2026-06-09 05:34:33 [main] INFO 
                o.a.coyote.http11.Http11NioProtocol - Initializing ProtocolHandler ["http-nio-8082"]
2026-06-09 05:34:33 [main] INFO 
                o.a.catalina.core.StandardService - Starting service [Tomcat]
2026-06-09 05:34:33 [main] INFO 
                o.a.catalina.core.StandardEngine - Starting Servlet engine: [Apache Tomcat/10.1.20]
2026-06-09 05:34:33 [main] INFO 
                o.a.c.c.C.[Tomcat].[localhost].[/] - Initializing Spring embedded WebApplicationContext
2026-06-09 05:34:34 [main] INFO 
                com.zaxxer.hikari.HikariDataSource - HikariPool-1 - Starting...
2026-06-09 05:34:35 [main] INFO 
                com.zaxxer.hikari.pool.HikariPool - HikariPool-1 - Added connection org.postgresql.jdbc.PgConnection@1201e064
2026-06-09 05:34:35 [main] INFO 
                com.zaxxer.hikari.HikariDataSource - HikariPool-1 - Start completed.
2026-06-09 05:34:37 [main] WARN 
                o.s.b.a.o.j.JpaBaseConfiguration$JpaWebConfiguration - spring.jpa.open-in-view is enabled by default. Therefore, database queries may be performed during view rendering. Explicitly configure spring.jpa.open-in-view to disable this warning
2026-06-09 05:34:38 [main] INFO 
                o.a.coyote.http11.Http11NioProtocol - Starting ProtocolHandler ["http-nio-8082"]
2026-06-09 05:34:38 [main] INFO 
                c.f.gymservice.GymServiceApplication - Started GymServiceApplication in 8.852 seconds (process running for 9.895)
2026-06-09 05:37:28 [SpringApplicationShutdownHook] INFO 
                com.zaxxer.hikari.HikariDataSource - HikariPool-1 - Shutdown initiated...
2026-06-09 05:37:28 [SpringApplicationShutdownHook] INFO 
                com.zaxxer.hikari.HikariDataSource - HikariPool-1 - Shutdown completed.
2026-06-09 05:37:32 [main] INFO 
                c.f.gymservice.GymServiceApplication - Starting GymServiceApplication v0.0.1-SNAPSHOT using Java 21.0.11 with PID 1 (/app/app.jar started by root in /app)
2026-06-09 05:37:32 [main] INFO 
                c.f.gymservice.GymServiceApplication - No active profile set, falling back to 1 default profile: "default"
2026-06-09 05:37:35 [main] INFO 
                o.a.coyote.http11.Http11NioProtocol - Initializing ProtocolHandler ["http-nio-8082"]
2026-06-09 05:37:35 [main] INFO 
                o.a.catalina.core.StandardService - Starting service [Tomcat]
2026-06-09 05:37:35 [main] INFO 
                o.a.catalina.core.StandardEngine - Starting Servlet engine: [Apache Tomcat/10.1.20]
2026-06-09 05:37:35 [main] INFO 
                o.a.c.c.C.[Tomcat].[localhost].[/] - Initializing Spring embedded WebApplicationContext
2026-06-09 05:37:36 [main] INFO 
                com.zaxxer.hikari.HikariDataSource - HikariPool-1 - Starting...
2026-06-09 05:37:37 [main] INFO 
                com.zaxxer.hikari.pool.HikariPool - HikariPool-1 - Added connection org.postgresql.jdbc.PgConnection@134c38
2026-06-09 05:37:37 [main] INFO 
                com.zaxxer.hikari.HikariDataSource - HikariPool-1 - Start completed.
2026-06-09 05:37:41 [main] WARN 
                o.s.b.a.o.j.JpaBaseConfiguration$JpaWebConfiguration - spring.jpa.open-in-view is enabled by default. Therefore, database queries may be performed during view rendering. Explicitly configure spring.jpa.open-in-view to disable this warning
2026-06-09 05:37:42 [main] INFO 
                o.a.coyote.http11.Http11NioProtocol - Starting ProtocolHandler ["http-nio-8082"]
2026-06-09 05:37:42 [main] INFO 
                c.f.gymservice.GymServiceApplication - Started GymServiceApplication in 11.092 seconds (process running for 12.06)
2026-06-09 07:13:27 [SpringApplicationShutdownHook] INFO 
                com.zaxxer.hikari.HikariDataSource - HikariPool-1 - Shutdown initiated...
2026-06-09 07:13:27 [SpringApplicationShutdownHook] INFO 
                com.zaxxer.hikari.HikariDataSource - HikariPool-1 - Shutdown completed.
2026-06-09 07:13:32 [main] INFO 
                c.f.gymservice.GymServiceApplication - Starting GymServiceApplication v0.0.1-SNAPSHOT using Java 21.0.11 with PID 1 (/app/app.jar started by root in /app)
2026-06-09 07:13:32 [main] INFO 
                c.f.gymservice.GymServiceApplication - No active profile set, falling back to 1 default profile: "default"
2026-06-09 07:13:35 [main] INFO 
                o.a.coyote.http11.Http11NioProtocol - Initializing ProtocolHandler ["http-nio-8082"]
2026-06-09 07:13:35 [main] INFO 
                o.a.catalina.core.StandardService - Starting service [Tomcat]
2026-06-09 07:13:35 [main] INFO 
                o.a.catalina.core.StandardEngine - Starting Servlet engine: [Apache Tomcat/10.1.20]
2026-06-09 07:13:35 [main] INFO 
                o.a.c.c.C.[Tomcat].[localhost].[/] - Initializing Spring embedded WebApplicationContext
2026-06-09 07:13:36 [main] INFO 
                com.zaxxer.hikari.HikariDataSource - HikariPool-1 - Starting...
2026-06-09 07:13:37 [main] INFO 
                com.zaxxer.hikari.pool.HikariPool - HikariPool-1 - Added connection org.postgresql.jdbc.PgConnection@4dd1d2bb
2026-06-09 07:13:37 [main] INFO 
                com.zaxxer.hikari.HikariDataSource - HikariPool-1 - Start completed.
2026-06-09 07:13:39 [main] WARN 
                o.s.b.a.o.j.JpaBaseConfiguration$JpaWebConfiguration - spring.jpa.open-in-view is enabled by default. Therefore, database queries may be performed during view rendering. Explicitly configure spring.jpa.open-in-view to disable this warning
2026-06-09 07:13:40 [main] INFO 
                o.a.coyote.http11.Http11NioProtocol - Starting ProtocolHandler ["http-nio-8082"]
2026-06-09 07:13:40 [main] INFO 
                c.f.gymservice.GymServiceApplication - Started GymServiceApplication in 8.896 seconds (process running for 10.125)
2026-06-09 09:12:56 [SpringApplicationShutdownHook] INFO 
                com.zaxxer.hikari.HikariDataSource - HikariPool-1 - Shutdown initiated...
2026-06-09 09:12:56 [SpringApplicationShutdownHook] INFO 
                com.zaxxer.hikari.HikariDataSource - HikariPool-1 - Shutdown completed.
2026-06-09 09:14:35 [main] INFO 
                c.f.gymservice.GymServiceApplication - Starting GymServiceApplication v0.0.1-SNAPSHOT using Java 21.0.11 with PID 1 (/app/app.jar started by root in /app)
2026-06-09 09:14:35 [main] INFO 
                c.f.gymservice.GymServiceApplication - No active profile set, falling back to 1 default profile: "default"
2026-06-09 09:14:38 [main] INFO 
                o.a.coyote.http11.Http11NioProtocol - Initializing ProtocolHandler ["http-nio-8082"]
2026-06-09 09:14:38 [main] INFO 
                o.a.catalina.core.StandardService - Starting service [Tomcat]
2026-06-09 09:14:38 [main] INFO 
                o.a.catalina.core.StandardEngine - Starting Servlet engine: [Apache Tomcat/10.1.20]
2026-06-09 09:14:38 [main] INFO 
                o.a.c.c.C.[Tomcat].[localhost].[/] - Initializing Spring embedded WebApplicationContext
2026-06-09 09:14:39 [main] INFO 
                com.zaxxer.hikari.HikariDataSource - HikariPool-1 - Starting...
2026-06-09 09:14:39 [main] INFO 
                com.zaxxer.hikari.pool.HikariPool - HikariPool-1 - Added connection org.postgresql.jdbc.PgConnection@606b53a3
2026-06-09 09:14:39 [main] INFO 
                com.zaxxer.hikari.HikariDataSource - HikariPool-1 - Start completed.
2026-06-09 09:14:42 [main] WARN 
                o.s.b.a.o.j.JpaBaseConfiguration$JpaWebConfiguration - spring.jpa.open-in-view is enabled by default. Therefore, database queries may be performed during view rendering. Explicitly configure spring.jpa.open-in-view to disable this warning
2026-06-09 09:14:43 [main] INFO 
                o.a.coyote.http11.Http11NioProtocol - Starting ProtocolHandler ["http-nio-8082"]
2026-06-09 09:14:43 [main] INFO 
                c.f.gymservice.GymServiceApplication - Started GymServiceApplication in 9.189 seconds (process running for 10.529)
2026-06-09 09:18:49 [SpringApplicationShutdownHook] INFO 
                com.zaxxer.hikari.HikariDataSource - HikariPool-1 - Shutdown initiated...
2026-06-09 09:18:49 [SpringApplicationShutdownHook] INFO 
                com.zaxxer.hikari.HikariDataSource - HikariPool-1 - Shutdown completed.
2026-06-09 09:18:53 [main] INFO 
                c.f.gymservice.GymServiceApplication - Starting GymServiceApplication v0.0.1-SNAPSHOT using Java 21.0.11 with PID 1 (/app/app.jar started by root in /app)
2026-06-09 09:18:53 [main] INFO 
                c.f.gymservice.GymServiceApplication - No active profile set, falling back to 1 default profile: "default"
2026-06-09 09:18:56 [main] INFO 
                o.a.coyote.http11.Http11NioProtocol - Initializing ProtocolHandler ["http-nio-8082"]
2026-06-09 09:18:56 [main] INFO 
                o.a.catalina.core.StandardService - Starting service [Tomcat]
2026-06-09 09:18:56 [main] INFO 
                o.a.catalina.core.StandardEngine - Starting Servlet engine: [Apache Tomcat/10.1.20]
2026-06-09 09:18:56 [main] INFO 
                o.a.c.c.C.[Tomcat].[localhost].[/] - Initializing Spring embedded WebApplicationContext
2026-06-09 09:18:57 [main] INFO 
                com.zaxxer.hikari.HikariDataSource - HikariPool-1 - Starting...
2026-06-09 09:18:58 [main] INFO 
                com.zaxxer.hikari.pool.HikariPool - HikariPool-1 - Added connection org.postgresql.jdbc.PgConnection@7b3a6e95
2026-06-09 09:18:58 [main] INFO 
                com.zaxxer.hikari.HikariDataSource - HikariPool-1 - Start completed.
2026-06-09 09:19:00 [main] WARN 
                o.s.b.a.o.j.JpaBaseConfiguration$JpaWebConfiguration - spring.jpa.open-in-view is enabled by default. Therefore, database queries may be performed during view rendering. Explicitly configure spring.jpa.open-in-view to disable this warning
2026-06-09 09:19:00 [main] INFO 
                o.a.coyote.http11.Http11NioProtocol - Starting ProtocolHandler ["http-nio-8082"]
2026-06-09 09:19:00 [main] INFO 
                c.f.gymservice.GymServiceApplication - Started GymServiceApplication in 8.57 seconds (process running for 9.627)
